<?xml version="1.0" encoding="UTF-8"?>
<!-- Generated by org.testng.reporters.JUnitXMLReporter -->
<testsuite ignored="15" hostname="del1-lhp-n70285" failures="1" tests="7" name="smoke" time="95.029" errors="0" timestamp="2023-07-19T09:34:11 IST">
  <testcase classname="com.qa.thesis.tests.Discount" name="CreateDiscount1" time="13.105"/>
  <testcase classname="com.qa.thesis.tests.Discount" name="DeleteDiscount2" time="3.145">
    <failure type="com.microsoft.playwright.PlaywrightException" message="Error {
  message=&amp;apos;Error: strict mode violation: getByText(&amp;quot;Discount1&amp;quot;) resolved to 2 elements:
    1) &amp;lt;span&amp;gt;Discount1&amp;lt;/span&amp;gt; aka getByText(&amp;quot;Discount1&amp;quot;, new Page.GetByTextOptions().setExact(true))
    2) &amp;lt;span&amp;gt;Discount10&amp;lt;/span&amp;gt; aka getByText(&amp;quot;Discount10&amp;quot;)

=========================== logs ===========================
waiting for getByText(&amp;quot;Discount1&amp;quot;)
============================================================
  name=&amp;apos;Error
  stack=&amp;apos;Error: Error: strict mode violation: getByText(&amp;quot;Discount1&amp;quot;) resolved to 2 elements:
    1) &amp;lt;span&amp;gt;Discount1&amp;lt;/span&amp;gt; aka getByText(&amp;quot;Discount1&amp;quot;, new Page.GetByTextOptions().setExact(true))
    2) &amp;lt;span&amp;gt;Discount10&amp;lt;/span&amp;gt; aka getByText(&amp;quot;Discount10&amp;quot;)

=========================== logs ===========================
waiting for getByText(&amp;quot;Discount1&amp;quot;)
============================================================
    at CRExecutionContext.evaluateWithArguments (C:\Users\SURYA~1.MAH\AppData\Local\Temp\playwright-java-9518679556762929712\package\lib\server\chromium\crExecutionContext.js:92:33)
    at async ScopedRace._race (C:\Users\SURYA~1.MAH\AppData\Local\Temp\playwright-java-9518679556762929712\package\lib\utils\manualPromise.js:80:14)
    at async evaluateExpression (C:\Users\SURYA~1.MAH\AppData\Local\Temp\playwright-java-9518679556762929712\package\lib\server\javascript.js:234:12)
    at async C:\Users\SURYA~1.MAH\AppData\Local\Temp\playwright-java-9518679556762929712\package\lib\server\frames.js:945:22
    at async Frame.retryWithProgressAndTimeouts (C:\Users\SURYA~1.MAH\AppData\Local\Temp\playwright-java-9518679556762929712\package\lib\server\frames.js:916:24)
    at async C:\Users\SURYA~1.MAH\AppData\Local\Temp\playwright-java-9518679556762929712\package\lib\server\frames.js:1000:29
    at async ProgressController.run (C:\Users\SURYA~1.MAH\AppData\Local\Temp\playwright-java-9518679556762929712\package\lib\server\progress.js:92:22)
    at async FrameDispatcher.click (C:\Users\SURYA~1.MAH\AppData\Local\Temp\playwright-java-9518679556762929712\package\lib\server\dispatchers\frameDispatcher.js:149:12)
    at async DispatcherConnection.dispatch (C:\Users\SURYA~1.MAH\AppData\Local\Temp\playwright-java-9518679556762929712\package\lib\server\dispatchers\dispatcher.js:312:22)
}">
      <![CDATA[com.microsoft.playwright.PlaywrightException: Error {
  message='Error: strict mode violation: getByText("Discount1") resolved to 2 elements:
    1) <span>Discount1</span> aka getByText("Discount1", new Page.GetByTextOptions().setExact(true))
    2) <span>Discount10</span> aka getByText("Discount10")

=========================== logs ===========================
waiting for getByText("Discount1")
============================================================
  name='Error
  stack='Error: Error: strict mode violation: getByText("Discount1") resolved to 2 elements:
    1) <span>Discount1</span> aka getByText("Discount1", new Page.GetByTextOptions().setExact(true))
    2) <span>Discount10</span> aka getByText("Discount10")

=========================== logs ===========================
waiting for getByText("Discount1")
============================================================
    at CRExecutionContext.evaluateWithArguments (C:\Users\SURYA~1.MAH\AppData\Local\Temp\playwright-java-9518679556762929712\package\lib\server\chromium\crExecutionContext.js:92:33)
    at async ScopedRace._race (C:\Users\SURYA~1.MAH\AppData\Local\Temp\playwright-java-9518679556762929712\package\lib\utils\manualPromise.js:80:14)
    at async evaluateExpression (C:\Users\SURYA~1.MAH\AppData\Local\Temp\playwright-java-9518679556762929712\package\lib\server\javascript.js:234:12)
    at async C:\Users\SURYA~1.MAH\AppData\Local\Temp\playwright-java-9518679556762929712\package\lib\server\frames.js:945:22
    at async Frame.retryWithProgressAndTimeouts (C:\Users\SURYA~1.MAH\AppData\Local\Temp\playwright-java-9518679556762929712\package\lib\server\frames.js:916:24)
    at async C:\Users\SURYA~1.MAH\AppData\Local\Temp\playwright-java-9518679556762929712\package\lib\server\frames.js:1000:29
    at async ProgressController.run (C:\Users\SURYA~1.MAH\AppData\Local\Temp\playwright-java-9518679556762929712\package\lib\server\progress.js:92:22)
    at async FrameDispatcher.click (C:\Users\SURYA~1.MAH\AppData\Local\Temp\playwright-java-9518679556762929712\package\lib\server\dispatchers\frameDispatcher.js:149:12)
    at async DispatcherConnection.dispatch (C:\Users\SURYA~1.MAH\AppData\Local\Temp\playwright-java-9518679556762929712\package\lib\server\dispatchers\dispatcher.js:312:22)
}
at com.microsoft.playwright.impl.WaitableResult.get(WaitableResult.java:54)
at com.microsoft.playwright.impl.ChannelOwner.runUntil(ChannelOwner.java:111)
at com.microsoft.playwright.impl.Connection.sendMessage(Connection.java:126)
at com.microsoft.playwright.impl.ChannelOwner.sendMessage(ChannelOwner.java:102)
at com.microsoft.playwright.impl.FrameImpl.clickImpl(FrameImpl.java:252)
at com.microsoft.playwright.impl.FrameImpl.lambda$click$8(FrameImpl.java:243)
at com.microsoft.playwright.impl.LoggingSupport.lambda$withLogging$0(LoggingSupport.java:36)
at com.microsoft.playwright.impl.LoggingSupport.withLogging(LoggingSupport.java:47)
at com.microsoft.playwright.impl.ChannelOwner.withLogging(ChannelOwner.java:87)
at com.microsoft.playwright.impl.LoggingSupport.withLogging(LoggingSupport.java:35)
at com.microsoft.playwright.impl.FrameImpl.click(FrameImpl.java:243)
at com.microsoft.playwright.impl.LocatorImpl.click(LocatorImpl.java:132)
at com.microsoft.playwright.Locator.click(Locator.java:2268)
at com.qa.thesis.pages.LoginPage.DeleteDiscount(LoginPage.java:97)
at com.qa.thesis.tests.Discount.DeleteDiscount2(Discount.java:26)
at java.base/java.util.ArrayList.forEach(ArrayList.java:1511)
at java.base/java.util.concurrent.FutureTask.run(FutureTask.java:264)
at java.base/java.util.concurrent.ThreadPoolExecutor.runWorker(ThreadPoolExecutor.java:1136)
at java.base/java.util.concurrent.ThreadPoolExecutor$Worker.run(ThreadPoolExecutor.java:635)
at java.base/java.lang.Thread.run(Thread.java:833)
Caused by: com.microsoft.playwright.impl.DriverException: Error {
  message='Error: strict mode violation: getByText("Discount1") resolved to 2 elements:
    1) <span>Discount1</span> aka getByText("Discount1", new Page.GetByTextOptions().setExact(true))
    2) <span>Discount10</span> aka getByText("Discount10")

=========================== logs ===========================
waiting for getByText("Discount1")
============================================================
  name='Error
  stack='Error: Error: strict mode violation: getByText("Discount1") resolved to 2 elements:
    1) <span>Discount1</span> aka getByText("Discount1", new Page.GetByTextOptions().setExact(true))
    2) <span>Discount10</span> aka getByText("Discount10")

=========================== logs ===========================
waiting for getByText("Discount1")
============================================================
    at CRExecutionContext.evaluateWithArguments (C:\Users\SURYA~1.MAH\AppData\Local\Temp\playwright-java-9518679556762929712\package\lib\server\chromium\crExecutionContext.js:92:33)
    at async ScopedRace._race (C:\Users\SURYA~1.MAH\AppData\Local\Temp\playwright-java-9518679556762929712\package\lib\utils\manualPromise.js:80:14)
    at async evaluateExpression (C:\Users\SURYA~1.MAH\AppData\Local\Temp\playwright-java-9518679556762929712\package\lib\server\javascript.js:234:12)
    at async C:\Users\SURYA~1.MAH\AppData\Local\Temp\playwright-java-9518679556762929712\package\lib\server\frames.js:945:22
    at async Frame.retryWithProgressAndTimeouts (C:\Users\SURYA~1.MAH\AppData\Local\Temp\playwright-java-9518679556762929712\package\lib\server\frames.js:916:24)
    at async C:\Users\SURYA~1.MAH\AppData\Local\Temp\playwright-java-9518679556762929712\package\lib\server\frames.js:1000:29
    at async ProgressController.run (C:\Users\SURYA~1.MAH\AppData\Local\Temp\playwright-java-9518679556762929712\package\lib\server\progress.js:92:22)
    at async FrameDispatcher.click (C:\Users\SURYA~1.MAH\AppData\Local\Temp\playwright-java-9518679556762929712\package\lib\server\dispatchers\frameDispatcher.js:149:12)
    at async DispatcherConnection.dispatch (C:\Users\SURYA~1.MAH\AppData\Local\Temp\playwright-java-9518679556762929712\package\lib\server\dispatchers\dispatcher.js:312:22)
}
at com.microsoft.playwright.impl.Connection.dispatch(Connection.java:226)
at com.microsoft.playwright.impl.Connection.processOneMessage(Connection.java:206)
at com.microsoft.playwright.impl.ChannelOwner.runUntil(ChannelOwner.java:109)
... 35 more
... Removed 17 stack frames]]>
    </failure>
  </testcase> <!-- DeleteDiscount2 -->
  <testcase classname="com.qa.thesis.tests.DiscountPlan" name="CreateDiscountPlan" time="5.188"/>
  <testcase classname="com.qa.thesis.tests.DiscountPlan" name="DeleteDiscountPlan" time="3.889"/>
  <testcase classname="com.qa.thesis.tests.HoldType" name="CreateHoldType" time="5.353"/>
  <testcase classname="com.qa.thesis.tests.HoldType" name="DeletHoldType" time="4.03"/>
  <testcase classname="com.qa.thesis.tests.Login" name="invalidLogin" time="0.783"/>
  <testcase classname="com.qa.thesis.tests.Login" name="validLogin" time="0.0">
    <ignored/>
  </testcase> <!-- validLogin -->
  <testcase classname="com.qa.thesis.base.BaseTest" name="@BeforeTest setup" time="0.0">
    <ignored/>
  </testcase> <!-- @BeforeTest setup -->
  <testcase classname="com.qa.thesis.base.BaseTest" name="@BeforeTest setup" time="0.0">
    <ignored/>
  </testcase> <!-- @BeforeTest setup -->
  <testcase classname="com.qa.thesis.base.BaseTest" name="@AfterTest teardown" time="0.0">
    <ignored/>
  </testcase> <!-- @AfterTest teardown -->
  <testcase classname="com.qa.thesis.tests.College" name="CreateCollege" time="0.0">
    <ignored/>
  </testcase> <!-- CreateCollege -->
  <testcase classname="com.qa.thesis.tests.HighSchool" name="DeleteHighSchool" time="0.0">
    <ignored/>
  </testcase> <!-- DeleteHighSchool -->
  <testcase classname="com.qa.thesis.base.BaseTest" name="@AfterTest teardown" time="0.0">
    <ignored/>
  </testcase> <!-- @AfterTest teardown -->
  <testcase classname="com.qa.thesis.base.BaseTest" name="@AfterTest teardown" time="0.0">
    <ignored/>
  </testcase> <!-- @AfterTest teardown -->
  <testcase classname="com.qa.thesis.base.BaseTest" name="@BeforeTest setup" time="0.0">
    <ignored/>
  </testcase> <!-- @BeforeTest setup -->
  <testcase classname="com.qa.thesis.tests.HighSchool" name="CreateHighSchool" time="0.0">
    <ignored/>
  </testcase> <!-- CreateHighSchool -->
  <testcase classname="com.qa.thesis.base.BaseTest" name="@AfterTest teardown" time="0.0">
    <ignored/>
  </testcase> <!-- @AfterTest teardown -->
  <testcase classname="com.qa.thesis.base.BaseTest" name="@BeforeTest setup" time="0.0">
    <ignored/>
  </testcase> <!-- @BeforeTest setup -->
  <testcase classname="com.qa.thesis.base.BaseTest" name="@AfterTest teardown" time="0.0">
    <ignored/>
  </testcase> <!-- @AfterTest teardown -->
  <testcase classname="com.qa.thesis.tests.College" name="DeleteCollege" time="0.0">
    <ignored/>
  </testcase> <!-- DeleteCollege -->
  <testcase classname="com.qa.thesis.base.BaseTest" name="@BeforeTest setup" time="0.0">
    <ignored/>
  </testcase> <!-- @BeforeTest setup -->
</testsuite> <!-- smoke -->
