<?xml version="1.0" encoding="UTF-8"?>
<!-- Generated by org.testng.reporters.JUnitReportReporter -->
<testsuite hostname="del1-lhp-n70285" failures="0" tests="2" name="com.qa.thesis.tests.HighSchool" time="15.944" errors="1" timestamp="2023-07-06T20:43:21 IST" skipped="0">
  <testcase classname="com.qa.thesis.tests.HighSchool" name="DeleteHighSchool" time="6.496">
    <error message="Error {
  message=&#039;Error: strict mode violation: locator(&quot;#searchResults div&quot;).filter(new Locator.FilterOptions().setHasText(&quot;HighSchool1&quot;)) resolved to 2 elements:
    1) &lt;div class=&quot;marqueeColumn&quot;&gt;…&lt;/div&gt; aka getByText(&quot;HighSchool1 High School Code&quot;).first()
    2) &lt;div class=&quot;marqueeColumn&quot;&gt;…&lt;/div&gt; aka getByText(&quot;HighSchool1 High School Code&quot;).nth(1)

=========================== logs ===========================
waiting for locator(&quot;#searchResults div&quot;).filter(new Locator.FilterOptions().setHasText(&quot;HighSchool1&quot;))
============================================================
  name=&#039;Error
  stack=&#039;Error: Error: strict mode violation: locator(&quot;#searchResults div&quot;).filter(new Locator.FilterOptions().setHasText(&quot;HighSchool1&quot;)) resolved to 2 elements:
    1) &lt;div class=&quot;marqueeColumn&quot;&gt;…&lt;/div&gt; aka getByText(&quot;HighSchool1 High School Code&quot;).first()
    2) &lt;div class=&quot;marqueeColumn&quot;&gt;…&lt;/div&gt; aka getByText(&quot;HighSchool1 High School Code&quot;).nth(1)

=========================== logs ===========================
waiting for locator(&quot;#searchResults div&quot;).filter(new Locator.FilterOptions().setHasText(&quot;HighSchool1&quot;))
============================================================
    at CRExecutionContext.evaluateWithArguments (C:\Users\SURYA~1.MAH\AppData\Local\Temp\playwright-java-12552095701624826904\package\lib\server\chromium\crExecutionContext.js:92:33)
    at async ScopedRace._race (C:\Users\SURYA~1.MAH\AppData\Local\Temp\playwright-java-12552095701624826904\package\lib\utils\manualPromise.js:80:14)
    at async evaluateExpression (C:\Users\SURYA~1.MAH\AppData\Local\Temp\playwright-java-12552095701624826904\package\lib\server\javascript.js:234:12)
    at async C:\Users\SURYA~1.MAH\AppData\Local\Temp\playwright-java-12552095701624826904\package\lib\server\frames.js:945:22
    at async Frame.retryWithProgressAndTimeouts (C:\Users\SURYA~1.MAH\AppData\Local\Temp\playwright-java-12552095701624826904\package\lib\server\frames.js:916:24)
    at async C:\Users\SURYA~1.MAH\AppData\Local\Temp\playwright-java-12552095701624826904\package\lib\server\frames.js:1000:29
    at async ProgressController.run (C:\Users\SURYA~1.MAH\AppData\Local\Temp\playwright-java-12552095701624826904\package\lib\server\progress.js:92:22)
    at async FrameDispatcher.click (C:\Users\SURYA~1.MAH\AppData\Local\Temp\playwright-java-12552095701624826904\package\lib\server\dispatchers\frameDispatcher.js:149:12)
    at async DispatcherConnection.dispatch (C:\Users\SURYA~1.MAH\AppData\Local\Temp\playwright-java-12552095701624826904\package\lib\server\dispatchers\dispatcher.js:312:22)
}" type="com.microsoft.playwright.PlaywrightException">
      <![CDATA[com.microsoft.playwright.PlaywrightException: Error {
  message='Error: strict mode violation: locator("#searchResults div").filter(new Locator.FilterOptions().setHasText("HighSchool1")) resolved to 2 elements:
    1) <div class="marqueeColumn">…</div> aka getByText("HighSchool1 High School Code").first()
    2) <div class="marqueeColumn">…</div> aka getByText("HighSchool1 High School Code").nth(1)

=========================== logs ===========================
waiting for locator("#searchResults div").filter(new Locator.FilterOptions().setHasText("HighSchool1"))
============================================================
  name='Error
  stack='Error: Error: strict mode violation: locator("#searchResults div").filter(new Locator.FilterOptions().setHasText("HighSchool1")) resolved to 2 elements:
    1) <div class="marqueeColumn">…</div> aka getByText("HighSchool1 High School Code").first()
    2) <div class="marqueeColumn">…</div> aka getByText("HighSchool1 High School Code").nth(1)

=========================== logs ===========================
waiting for locator("#searchResults div").filter(new Locator.FilterOptions().setHasText("HighSchool1"))
============================================================
    at CRExecutionContext.evaluateWithArguments (C:\Users\SURYA~1.MAH\AppData\Local\Temp\playwright-java-12552095701624826904\package\lib\server\chromium\crExecutionContext.js:92:33)
    at async ScopedRace._race (C:\Users\SURYA~1.MAH\AppData\Local\Temp\playwright-java-12552095701624826904\package\lib\utils\manualPromise.js:80:14)
    at async evaluateExpression (C:\Users\SURYA~1.MAH\AppData\Local\Temp\playwright-java-12552095701624826904\package\lib\server\javascript.js:234:12)
    at async C:\Users\SURYA~1.MAH\AppData\Local\Temp\playwright-java-12552095701624826904\package\lib\server\frames.js:945:22
    at async Frame.retryWithProgressAndTimeouts (C:\Users\SURYA~1.MAH\AppData\Local\Temp\playwright-java-12552095701624826904\package\lib\server\frames.js:916:24)
    at async C:\Users\SURYA~1.MAH\AppData\Local\Temp\playwright-java-12552095701624826904\package\lib\server\frames.js:1000:29
    at async ProgressController.run (C:\Users\SURYA~1.MAH\AppData\Local\Temp\playwright-java-12552095701624826904\package\lib\server\progress.js:92:22)
    at async FrameDispatcher.click (C:\Users\SURYA~1.MAH\AppData\Local\Temp\playwright-java-12552095701624826904\package\lib\server\dispatchers\frameDispatcher.js:149:12)
    at async DispatcherConnection.dispatch (C:\Users\SURYA~1.MAH\AppData\Local\Temp\playwright-java-12552095701624826904\package\lib\server\dispatchers\dispatcher.js:312:22)
}
at com.microsoft.playwright.impl.WaitableResult.get(WaitableResult.java:54)
at com.microsoft.playwright.impl.ChannelOwner.runUntil(ChannelOwner.java:111)
at com.microsoft.playwright.impl.Connection.sendMessage(Connection.java:126)
at com.microsoft.playwright.impl.ChannelOwner.sendMessage(ChannelOwner.java:102)
at com.microsoft.playwright.impl.FrameImpl.clickImpl(FrameImpl.java:252)
at com.microsoft.playwright.impl.FrameImpl.lambda$click$8(FrameImpl.java:243)
at com.microsoft.playwright.impl.LoggingSupport.lambda$withLogging$0(LoggingSupport.java:36)
at com.microsoft.playwright.impl.LoggingSupport.withLogging(LoggingSupport.java:47)
at com.microsoft.playwright.impl.ChannelOwner.withLogging(ChannelOwner.java:87)
at com.microsoft.playwright.impl.LoggingSupport.withLogging(LoggingSupport.java:35)
at com.microsoft.playwright.impl.FrameImpl.click(FrameImpl.java:243)
at com.microsoft.playwright.impl.LocatorImpl.click(LocatorImpl.java:132)
at com.microsoft.playwright.Locator.click(Locator.java:2268)
at com.qa.thesis.pages.LoginPage.DeleteHighSchool(LoginPage.java:171)
at com.qa.thesis.tests.HighSchool.DeleteHighSchool(HighSchool.java:25)
at java.base/jdk.internal.reflect.NativeMethodAccessorImpl.invoke0(Native Method)
at java.base/jdk.internal.reflect.NativeMethodAccessorImpl.invoke(NativeMethodAccessorImpl.java:77)
at java.base/jdk.internal.reflect.DelegatingMethodAccessorImpl.invoke(DelegatingMethodAccessorImpl.java:43)
at java.base/java.lang.reflect.Method.invoke(Method.java:568)
at org.testng.internal.invokers.MethodInvocationHelper.invokeMethod(MethodInvocationHelper.java:139)
at org.testng.internal.invokers.TestInvoker.invokeMethod(TestInvoker.java:677)
at org.testng.internal.invokers.TestInvoker.invokeTestMethod(TestInvoker.java:221)
at org.testng.internal.invokers.MethodRunner.runInSequence(MethodRunner.java:50)
at org.testng.internal.invokers.TestInvoker$MethodInvocationAgent.invoke(TestInvoker.java:969)
at org.testng.internal.invokers.TestInvoker.invokeTestMethods(TestInvoker.java:194)
at org.testng.internal.invokers.TestMethodWorker.invokeTestMethods(TestMethodWorker.java:148)
at org.testng.internal.invokers.TestMethodWorker.run(TestMethodWorker.java:128)
at java.base/java.util.ArrayList.forEach(ArrayList.java:1511)
at org.testng.TestRunner.privateRun(TestRunner.java:829)
at org.testng.TestRunner.run(TestRunner.java:602)
at org.testng.SuiteRunner.runTest(SuiteRunner.java:437)
at org.testng.SuiteRunner$SuiteWorker.run(SuiteRunner.java:475)
at org.testng.internal.thread.ThreadUtil.lambda$execute$0(ThreadUtil.java:58)
at java.base/java.util.concurrent.FutureTask.run(FutureTask.java:264)
at java.base/java.util.concurrent.ThreadPoolExecutor.runWorker(ThreadPoolExecutor.java:1136)
at java.base/java.util.concurrent.ThreadPoolExecutor$Worker.run(ThreadPoolExecutor.java:635)
at java.base/java.lang.Thread.run(Thread.java:833)
Caused by: com.microsoft.playwright.impl.DriverException: Error {
  message='Error: strict mode violation: locator("#searchResults div").filter(new Locator.FilterOptions().setHasText("HighSchool1")) resolved to 2 elements:
    1) <div class="marqueeColumn">…</div> aka getByText("HighSchool1 High School Code").first()
    2) <div class="marqueeColumn">…</div> aka getByText("HighSchool1 High School Code").nth(1)

=========================== logs ===========================
waiting for locator("#searchResults div").filter(new Locator.FilterOptions().setHasText("HighSchool1"))
============================================================
  name='Error
  stack='Error: Error: strict mode violation: locator("#searchResults div").filter(new Locator.FilterOptions().setHasText("HighSchool1")) resolved to 2 elements:
    1) <div class="marqueeColumn">…</div> aka getByText("HighSchool1 High School Code").first()
    2) <div class="marqueeColumn">…</div> aka getByText("HighSchool1 High School Code").nth(1)

=========================== logs ===========================
waiting for locator("#searchResults div").filter(new Locator.FilterOptions().setHasText("HighSchool1"))
============================================================
    at CRExecutionContext.evaluateWithArguments (C:\Users\SURYA~1.MAH\AppData\Local\Temp\playwright-java-12552095701624826904\package\lib\server\chromium\crExecutionContext.js:92:33)
    at async ScopedRace._race (C:\Users\SURYA~1.MAH\AppData\Local\Temp\playwright-java-12552095701624826904\package\lib\utils\manualPromise.js:80:14)
    at async evaluateExpression (C:\Users\SURYA~1.MAH\AppData\Local\Temp\playwright-java-12552095701624826904\package\lib\server\javascript.js:234:12)
    at async C:\Users\SURYA~1.MAH\AppData\Local\Temp\playwright-java-12552095701624826904\package\lib\server\frames.js:945:22
    at async Frame.retryWithProgressAndTimeouts (C:\Users\SURYA~1.MAH\AppData\Local\Temp\playwright-java-12552095701624826904\package\lib\server\frames.js:916:24)
    at async C:\Users\SURYA~1.MAH\AppData\Local\Temp\playwright-java-12552095701624826904\package\lib\server\frames.js:1000:29
    at async ProgressController.run (C:\Users\SURYA~1.MAH\AppData\Local\Temp\playwright-java-12552095701624826904\package\lib\server\progress.js:92:22)
    at async FrameDispatcher.click (C:\Users\SURYA~1.MAH\AppData\Local\Temp\playwright-java-12552095701624826904\package\lib\server\dispatchers\frameDispatcher.js:149:12)
    at async DispatcherConnection.dispatch (C:\Users\SURYA~1.MAH\AppData\Local\Temp\playwright-java-12552095701624826904\package\lib\server\dispatchers\dispatcher.js:312:22)
}
at com.microsoft.playwright.impl.Connection.dispatch(Connection.java:226)
at com.microsoft.playwright.impl.Connection.processOneMessage(Connection.java:206)
at com.microsoft.playwright.impl.ChannelOwner.runUntil(ChannelOwner.java:109)
... 35 more
]]>
    </error>
  </testcase> <!-- DeleteHighSchool -->
  <system-out/>
  <testcase classname="com.qa.thesis.tests.HighSchool" name="CreateHighSchool" time="9.448"/>
  <system-out/>
</testsuite> <!-- com.qa.thesis.tests.HighSchool -->
